<?xml version="1.0" encoding="UTF-8"?>
<!-- Generated by org.testng.reporters.JUnitReportReporter -->
<testsuite hostname="VXs-MacBook-Air" failures="0" tests="2" name="AutomationProject.automation.AngularWebLogin" time="1.201" errors="0" timestamp="2022-03-22T10:17:23 IST" skipped="0">
  <testcase classname="AutomationProject.automation.AngularWebLogin" name="forgotPass" time="0.548"/>
  <system-out/>
  <testcase classname="AutomationProject.automation.AngularWebLogin" name="enterEmail" time="0.653"/>
  <system-out/>
</testsuite> <!-- AutomationProject.automation.AngularWebLogin -->
