<?xml version="1.0" encoding="UTF-8"?>
<!-- Generated by org.testng.reporters.JUnitReportReporter -->
<testsuite hostname="VXs-MacBook-Air" failures="0" tests="1" name="AutomationProject.automation.VedantaAllTestCases" time="26.740" errors="0" timestamp="2022-01-10T14:11:09 IST" skipped="0">
  <testcase classname="AutomationProject.automation.VedantaAllTestCases" name="vedLogin" time="26.740"/>
  <system-out/>
</testsuite> <!-- AutomationProject.automation.VedantaAllTestCases -->
